<?xml version="1.0" encoding="UTF-8"?>
<!-- Generated by org.testng.reporters.JUnitReportReporter -->
<testsuite hostname="Srinivas" name="com.inetBankingV1.testCases.TC_LoginTest_001" tests="1" failures="0" timestamp="2 Apr 2022 18:31:23 GMT" time="3.459" errors="0">
  <testcase name="loginTest" time="3.459" classname="com.inetBankingV1.testCases.TC_LoginTest_001"/>
</testsuite> <!-- com.inetBankingV1.testCases.TC_LoginTest_001 -->
